Using pre-set license
Built from '2020.3/staging' branch; Version is '2020.3.18f1 (a7d1c678663c) revision 10998214'; Using compiler version '192528614'; Build Type 'Release'
OS: 'Windows 10 Home; OS build 19042.1288; Version 2009; 64bit' Language: 'zh' Physical Memory: 8033 MB
BatchMode: 1, IsHumanControllingUs: 0, StartBugReporterOnCrash: 0, Is64bit: 1, IsPro: 0

COMMAND LINE ARGUMENTS:
C:\Program Files\Unity\Hub\Editor\2020.3.18f1\Editor\Unity.exe
-adb2
-batchMode
-noUpm
-name
AssetImportWorker0
-projectPath
C:/Users/謝佳蓉/Documents/GitHub/Unity_ASIA_Superanglenasu_20210917/Super angle nasu
-logFile
Logs/AssetImportWorker0.log
-srvPort
50417
Successfully changed project path to: C:/Users/謝佳蓉/Documents/GitHub/Unity_ASIA_Superanglenasu_20210917/Super angle nasu
C:/Users/謝佳蓉/Documents/GitHub/Unity_ASIA_Superanglenasu_20210917/Super angle nasu
Using Asset Import Pipeline V2.
Refreshing native plugins compatible for Editor in 59.96 ms, found 3 plugins.
Preloading 0 native plugins for Editor in 0.00 ms.
Initialize engine version: 2020.3.18f1 (a7d1c678663c)
[Subsystems] Discovering subsystems at path C:/Program Files/Unity/Hub/Editor/2020.3.18f1/Editor/Data/Resources/UnitySubsystems
[Subsystems] Discovering subsystems at path C:/Users/謝佳蓉/Documents/GitHub/Unity_ASIA_Superanglenasu_20210917/Super angle nasu/Assets
GfxDevice: creating device client; threaded=0
Direct3D:
    Version:  Direct3D 11.0 [level 11.1]
    Renderer: NVIDIA GeForce GTX 1660 Ti (ID=0x2191)
    Vendor:   
    VRAM:     5991 MB
    Driver:   25.21.14.1777
Initialize mono
Mono path[0] = 'C:/Program Files/Unity/Hub/Editor/2020.3.18f1/Editor/Data/Managed'
Mono path[1] = 'C:/Program Files/Unity/Hub/Editor/2020.3.18f1/Editor/Data/MonoBleedingEdge/lib/mono/unityjit'
Mono config path = 'C:/Program Files/Unity/Hub/Editor/2020.3.18f1/Editor/Data/MonoBleedingEdge/etc'
Using monoOptions --debugger-agent=transport=dt_socket,embedding=1,server=y,suspend=n,address=127.0.0.1:56352
Begin MonoManager ReloadAssembly
Registering precompiled unity dll's ...
Register platform support module: C:/Program Files/Unity/Hub/Editor/2020.3.18f1/Editor/Data/PlaybackEngines/WebGLSupport/UnityEditor.WebGL.Extensions.dll
Register platform support module: C:/Program Files/Unity/Hub/Editor/2020.3.18f1/Editor/Data/PlaybackEngines/WindowsStandaloneSupport/UnityEditor.WindowsStandalone.Extensions.dll
Registered in 0.004681 seconds.
Native extension for WindowsStandalone target not found
Native extension for WebGL target not found
Refreshing native plugins compatible for Editor in 56.38 ms, found 3 plugins.
Preloading 0 native plugins for Editor in 0.00 ms.
Mono: successfully reloaded assembly
- Completed reload, in  4.159 seconds
Domain Reload Profiling:
	ReloadAssembly (4159ms)
		BeginReloadAssembly (49ms)
			ExecutionOrderSort (0ms)
			DisableScriptedObjects (0ms)
			BackupInstance (0ms)
			ReleaseScriptingObjects (0ms)
			CreateAndSetChildDomain (1ms)
		EndReloadAssembly (410ms)
			LoadAssemblies (48ms)
			RebuildTransferFunctionScriptingTraits (0ms)
			SetupTypeCache (140ms)
			ReleaseScriptCaches (0ms)
			RebuildScriptCaches (29ms)
			SetupLoadedEditorAssemblies (172ms)
				LogAssemblyErrors (0ms)
				InitializePlatformSupportModulesInManaged (4ms)
				SetLoadedEditorAssemblies (0ms)
				RefreshPlugins (56ms)
				BeforeProcessingInitializeOnLoad (16ms)
				ProcessInitializeOnLoadAttributes (70ms)
				ProcessInitializeOnLoadMethodAttributes (26ms)
				AfterProcessingInitializeOnLoad (0ms)
				EditorAssembliesLoaded (0ms)
			ExecutionOrderSort2 (0ms)
			AwakeInstancesAfterBackupRestoration (0ms)
Platform modules already initialized, skipping
Registering precompiled user dll's ...
Registered in 0.008445 seconds.
Begin MonoManager ReloadAssembly
Native extension for WindowsStandalone target not found
Native extension for WebGL target not found
Refreshing native plugins compatible for Editor in 55.63 ms, found 3 plugins.
Preloading 0 native plugins for Editor in 0.00 ms.
Mono: successfully reloaded assembly
- Completed reload, in  1.086 seconds
Domain Reload Profiling:
	ReloadAssembly (1087ms)
		BeginReloadAssembly (134ms)
			ExecutionOrderSort (0ms)
			DisableScriptedObjects (4ms)
			BackupInstance (0ms)
			ReleaseScriptingObjects (0ms)
			CreateAndSetChildDomain (18ms)
		EndReloadAssembly (894ms)
			LoadAssemblies (120ms)
			RebuildTransferFunctionScriptingTraits (0ms)
			SetupTypeCache (274ms)
			ReleaseScriptCaches (0ms)
			RebuildScriptCaches (43ms)
			SetupLoadedEditorAssemblies (335ms)
				LogAssemblyErrors (0ms)
				InitializePlatformSupportModulesInManaged (4ms)
				SetLoadedEditorAssemblies (0ms)
				RefreshPlugins (56ms)
				BeforeProcessingInitializeOnLoad (75ms)
				ProcessInitializeOnLoadAttributes (180ms)
				ProcessInitializeOnLoadMethodAttributes (13ms)
				AfterProcessingInitializeOnLoad (6ms)
				EditorAssembliesLoaded (0ms)
			ExecutionOrderSort2 (0ms)
			AwakeInstancesAfterBackupRestoration (6ms)
Platform modules already initialized, skipping
========================================================================
Worker process is ready to serve import requests
Launched and connected shader compiler UnityShaderCompiler.exe after 0.05 seconds
Refreshing native plugins compatible for Editor in 0.59 ms, found 3 plugins.
Preloading 0 native plugins for Editor in 0.00 ms.
Unloading 2090 Unused Serialized files (Serialized files now loaded: 0)
System memory in use before: 96.3 MB.
System memory in use after: 96.3 MB.

Unloading 26 unused Assets to reduce memory usage. Loaded Objects now: 2531.
Total: 3.090100 ms (FindLiveObjects: 0.194000 ms CreateObjectMapping: 0.064600 ms MarkObjects: 2.771700 ms  DeleteObjects: 0.059100 ms)

AssetImportParameters requested are different than current active one (requested -> active):
  custom:framework-win-MediaFoundation: 216162199b28c13a410421893ffa2e32 -> 
  custom:video-decoder-ogg-theora: a1e56fd34408186e4bbccfd4996cb3dc -> 
  custom:container-muxer-webm: aa71ff27fc2769a1b78a27578f13a17b -> 
  custom:container-demuxer-webm: 4f35f7cbe854078d1ac9338744f61a02 -> 
  custom:container-demuxer-ogg: 62fdf1f143b41e24485cea50d1cbac27 -> 
  custom:video-encoder-webm-vp8: eb34c28f22e8b96e1ab97ce403110664 -> 
  custom:video-decoder-webm-vp8: 9c59270c3fd7afecdb556c50c9e8de78 -> 
  custom:audio-decoder-ogg-vorbis: bf7c407c2cedff20999df2af8eb42d56 -> 
  custom:audio-encoder-webm-vorbis: bf7c407c2cedff20999df2af8eb42d56 -> 
========================================================================
Received Import Request.
  path: Assets/圖片/未命名的作品2.png
  artifactKey: Guid(445cd097b81181b44a772ae43594bc05) Importer(815301076,1909f56bfc062723c751e8b465ee728b)
Start importing Assets/圖片/未命名的作品2.png using Guid(445cd097b81181b44a772ae43594bc05) Importer(815301076,1909f56bfc062723c751e8b465ee728b)  -> (artifact id: '33afca3495f8a0e69325648850c95bc0') in 0.157176 seconds 
  Import took 0.160900 seconds .

========================================================================
Received Import Request.
  Time since last request: 50.606978 seconds.
  path: Assets/場景素材/Free Platform Game Assets/Chests/Chest/png/Sliced/Sliced 2/1x/bodyWithoutInnerPiece-6-1x.png
  artifactKey: Guid(90c1c0586b750f44f80400956fdaa5ab) Importer(815301076,1909f56bfc062723c751e8b465ee728b)
Start importing Assets/場景素材/Free Platform Game Assets/Chests/Chest/png/Sliced/Sliced 2/1x/bodyWithoutInnerPiece-6-1x.png using Guid(90c1c0586b750f44f80400956fdaa5ab) Importer(815301076,1909f56bfc062723c751e8b465ee728b)  -> (artifact id: '23550a4e6e71458a8740841d7cd6abff') in 0.027152 seconds 
  Import took 0.032302 seconds .

========================================================================
Received Import Request.
  Time since last request: 0.000276 seconds.
  path: Assets/場景素材/Free Platform Game Assets/Chests/Chest/png/Sliced/Sliced 2/2x/bodyWithoutInnerPiece-6-2x.png
  artifactKey: Guid(55a392e610fe9d14a946dd290431d17a) Importer(815301076,1909f56bfc062723c751e8b465ee728b)
Start importing Assets/場景素材/Free Platform Game Assets/Chests/Chest/png/Sliced/Sliced 2/2x/bodyWithoutInnerPiece-6-2x.png using Guid(55a392e610fe9d14a946dd290431d17a) Importer(815301076,1909f56bfc062723c751e8b465ee728b)  -> (artifact id: '08b4e734b18aa47582b9fa6b7b6aa653') in 0.029975 seconds 
  Import took 0.034882 seconds .

========================================================================
Received Import Request.
  Time since last request: 0.000951 seconds.
  path: Assets/場景素材/Free Platform Game Assets/Enemies/New Enemy ( Update 1.9 )/8x/2D Mace View/eye-1.png
  artifactKey: Guid(6caebaa999d0a24468d9f4f08812c5a4) Importer(815301076,1909f56bfc062723c751e8b465ee728b)
Start importing Assets/場景素材/Free Platform Game Assets/Enemies/New Enemy ( Update 1.9 )/8x/2D Mace View/eye-1.png using Guid(6caebaa999d0a24468d9f4f08812c5a4) Importer(815301076,1909f56bfc062723c751e8b465ee728b)  -> (artifact id: 'c3bf98ad74d51e2f261e5452243e56e4') in 0.041626 seconds 
  Import took 0.049074 seconds .

========================================================================
Received Import Request.
  Time since last request: 0.000314 seconds.
  path: Assets/場景素材/Free Platform Game Assets/Chests/New Chests ( Update 1.8.5 )/png/Sliced/Model-1/1x/headInnerPiece-2-ForHead-6-1x.png
  artifactKey: Guid(e32d35a0bacd749468fcd9dd091a27db) Importer(815301076,1909f56bfc062723c751e8b465ee728b)
Start importing Assets/場景素材/Free Platform Game Assets/Chests/New Chests ( Update 1.8.5 )/png/Sliced/Model-1/1x/headInnerPiece-2-ForHead-6-1x.png using Guid(e32d35a0bacd749468fcd9dd091a27db) Importer(815301076,1909f56bfc062723c751e8b465ee728b)  -> (artifact id: 'f198776723f1eb7c8bc22cbb522e5666') in 0.033924 seconds 
  Import took 0.038562 seconds .

========================================================================
Received Import Request.
  Time since last request: 0.000381 seconds.
  path: Assets/場景素材/Free Platform Game Assets/Chests/Chest/png/Sliced/Sliced 2/2x/headInnerPiece-1-ForHead4-2x.png
  artifactKey: Guid(0bb49bd076a889741b47c4e43a6c929d) Importer(815301076,1909f56bfc062723c751e8b465ee728b)
Start importing Assets/場景素材/Free Platform Game Assets/Chests/Chest/png/Sliced/Sliced 2/2x/headInnerPiece-1-ForHead4-2x.png using Guid(0bb49bd076a889741b47c4e43a6c929d) Importer(815301076,1909f56bfc062723c751e8b465ee728b)  -> (artifact id: '3f5020c4316cec48caa434e4c3eca2b2') in 0.029728 seconds 
  Import took 0.034067 seconds .

========================================================================
Received Import Request.
  Time since last request: 0.000269 seconds.
  path: Assets/場景素材/Free Platform Game Assets/Enemies/New Enemy ( Update 1.9 )/8x/2D Mace View/eye-2.png
  artifactKey: Guid(65742dad6dd3a4f41896964fb82c391a) Importer(815301076,1909f56bfc062723c751e8b465ee728b)
Start importing Assets/場景素材/Free Platform Game Assets/Enemies/New Enemy ( Update 1.9 )/8x/2D Mace View/eye-2.png using Guid(65742dad6dd3a4f41896964fb82c391a) Importer(815301076,1909f56bfc062723c751e8b465ee728b)  -> (artifact id: '722b892a4024299a57801109499dfda9') in 0.032108 seconds 
  Import took 0.038940 seconds .

========================================================================
Received Import Request.
  Time since last request: 0.000266 seconds.
  path: Assets/場景素材/Free Platform Game Assets/Chests/New Chests ( Update 1.8.5 )/png/Sliced/Model-1/2x/head-6-2x.png
  artifactKey: Guid(350993551b5ff7e408c5adfc90c9dbb7) Importer(815301076,1909f56bfc062723c751e8b465ee728b)
Start importing Assets/場景素材/Free Platform Game Assets/Chests/New Chests ( Update 1.8.5 )/png/Sliced/Model-1/2x/head-6-2x.png using Guid(350993551b5ff7e408c5adfc90c9dbb7) Importer(815301076,1909f56bfc062723c751e8b465ee728b)  -> (artifact id: 'e45496d73130269a41af37314516761c') in 0.037816 seconds 
  Import took 0.042254 seconds .

========================================================================
Received Import Request.
  Time since last request: 0.000352 seconds.
  path: Assets/場景素材/Free Platform Game Assets/Chests/New Chests ( Update 1.8.5 )/png/Sliced/Model-1/4x/head-8-4x.png
  artifactKey: Guid(a877200dfc5feb34196b1902fb297fad) Importer(815301076,1909f56bfc062723c751e8b465ee728b)
Start importing Assets/場景素材/Free Platform Game Assets/Chests/New Chests ( Update 1.8.5 )/png/Sliced/Model-1/4x/head-8-4x.png using Guid(a877200dfc5feb34196b1902fb297fad) Importer(815301076,1909f56bfc062723c751e8b465ee728b)  -> (artifact id: '298a615becb231916f7741a00b8f2b8b') in 0.037124 seconds 
  Import took 0.042265 seconds .

========================================================================
Received Import Request.
  Time since last request: 0.000292 seconds.
  path: Assets/場景素材/Free Platform Game Assets/Chests/New Chests ( Update 1.8.5 )/png/Sliced/Model-1/1x/head-7-1x.png
  artifactKey: Guid(423c2dc1df00150459f6a7d1bf27aa9c) Importer(815301076,1909f56bfc062723c751e8b465ee728b)
Start importing Assets/場景素材/Free Platform Game Assets/Chests/New Chests ( Update 1.8.5 )/png/Sliced/Model-1/1x/head-7-1x.png using Guid(423c2dc1df00150459f6a7d1bf27aa9c) Importer(815301076,1909f56bfc062723c751e8b465ee728b)  -> (artifact id: '5638aa8f9f552b0a298b50aec54308dd') in 0.029649 seconds 
  Import took 0.034428 seconds .

========================================================================
Received Import Request.
  Time since last request: 0.000661 seconds.
  path: Assets/場景素材/Free Platform Game Assets/Chests/New Chests ( Update 1.8.5 )/png/Sliced/Model-1/2x/headInnerPiece-1-ForHead-5-2x.png
  artifactKey: Guid(411157c444ae4b74b811ab6128b86802) Importer(815301076,1909f56bfc062723c751e8b465ee728b)
Start importing Assets/場景素材/Free Platform Game Assets/Chests/New Chests ( Update 1.8.5 )/png/Sliced/Model-1/2x/headInnerPiece-1-ForHead-5-2x.png using Guid(411157c444ae4b74b811ab6128b86802) Importer(815301076,1909f56bfc062723c751e8b465ee728b)  -> (artifact id: '0e2637e39ecbc43c006d7de174fc0804') in 0.029862 seconds 
  Import took 0.038073 seconds .

========================================================================
Received Import Request.
  Time since last request: 0.000324 seconds.
  path: Assets/場景素材/Free Platform Game Assets/Chests/New Chests ( Update 1.8.5 )/png/Separate/Model-2/1x/model-2-3-1x.png
  artifactKey: Guid(bed3c552789fffe4f8f92d0f2a5c82d8) Importer(815301076,1909f56bfc062723c751e8b465ee728b)
Start importing Assets/場景素材/Free Platform Game Assets/Chests/New Chests ( Update 1.8.5 )/png/Separate/Model-2/1x/model-2-3-1x.png using Guid(bed3c552789fffe4f8f92d0f2a5c82d8) Importer(815301076,1909f56bfc062723c751e8b465ee728b)  -> (artifact id: '43119210f721ed77d9d8b1a80ed8cbcd') in 0.035513 seconds 
  Import took 0.041819 seconds .

========================================================================
Received Import Request.
  Time since last request: 0.000268 seconds.
  path: Assets/場景素材/Free Platform Game Assets/Chests/New Chests ( Update 1.8.5 )/png/Separate/Model-2/4x/model-2-2-4x.png
  artifactKey: Guid(b2a8c36801e25d74bb31f0e65c3b3c33) Importer(815301076,1909f56bfc062723c751e8b465ee728b)
Start importing Assets/場景素材/Free Platform Game Assets/Chests/New Chests ( Update 1.8.5 )/png/Separate/Model-2/4x/model-2-2-4x.png using Guid(b2a8c36801e25d74bb31f0e65c3b3c33) Importer(815301076,1909f56bfc062723c751e8b465ee728b)  -> (artifact id: '71cc912d35bfa0baa3220ef8af22ecf4') in 0.038060 seconds 
  Import took 0.041879 seconds .

========================================================================
Received Import Request.
  Time since last request: 0.000277 seconds.
  path: Assets/場景素材/Free Platform Game Assets/Chests/New Chests ( Update 1.8.5 )/png/Sliced/Model-1/4x/head-6-4x.png
  artifactKey: Guid(1496dfb1aaffcb743a7d6ca671e3a902) Importer(815301076,1909f56bfc062723c751e8b465ee728b)
Start importing Assets/場景素材/Free Platform Game Assets/Chests/New Chests ( Update 1.8.5 )/png/Sliced/Model-1/4x/head-6-4x.png using Guid(1496dfb1aaffcb743a7d6ca671e3a902) Importer(815301076,1909f56bfc062723c751e8b465ee728b)  -> (artifact id: 'dbe64ca325d1173da3f8584d8949af94') in 0.032609 seconds 
  Import took 0.038071 seconds .

========================================================================
Received Import Request.
  Time since last request: 0.000305 seconds.
  path: Assets/場景素材/Free Platform Game Assets/Chests/New Chests ( Update 1.8.5 )/png/Sliced/Model-1/4x/headInnerPiece-1-ForHead-5-4x.png
  artifactKey: Guid(fb174ccf04858d04f82622f1ea130a95) Importer(815301076,1909f56bfc062723c751e8b465ee728b)
Start importing Assets/場景素材/Free Platform Game Assets/Chests/New Chests ( Update 1.8.5 )/png/Sliced/Model-1/4x/headInnerPiece-1-ForHead-5-4x.png using Guid(fb174ccf04858d04f82622f1ea130a95) Importer(815301076,1909f56bfc062723c751e8b465ee728b)  -> (artifact id: '70984dd3d33964d8ada8b2682175cfdb') in 0.034871 seconds 
  Import took 0.039249 seconds .

========================================================================
Received Import Request.
  Time since last request: 0.000294 seconds.
  path: Assets/場景素材/Free Platform Game Assets/Chests/New Chests ( Update 1.8.5 )/png/Separate/Model-2/2x/model-2-1-2x.png
  artifactKey: Guid(d618d082aade1a54387f1c4d8c39b4db) Importer(815301076,1909f56bfc062723c751e8b465ee728b)
Start importing Assets/場景素材/Free Platform Game Assets/Chests/New Chests ( Update 1.8.5 )/png/Separate/Model-2/2x/model-2-1-2x.png using Guid(d618d082aade1a54387f1c4d8c39b4db) Importer(815301076,1909f56bfc062723c751e8b465ee728b)  -> (artifact id: '7581826b9f64d4d250ea87a7f73259a1') in 0.031755 seconds 
  Import took 0.036596 seconds .

========================================================================
Received Import Request.
  Time since last request: 0.000275 seconds.
  path: Assets/場景素材/Free Platform Game Assets/Enemies/New Enemy ( Update 1.9 )/8x/Square.png
  artifactKey: Guid(a0325b0374e9ebc458051a5756fdef31) Importer(815301076,1909f56bfc062723c751e8b465ee728b)
Start importing Assets/場景素材/Free Platform Game Assets/Enemies/New Enemy ( Update 1.9 )/8x/Square.png using Guid(a0325b0374e9ebc458051a5756fdef31) Importer(815301076,1909f56bfc062723c751e8b465ee728b)  -> (artifact id: '13d49cf5e70575fecdee85070e289a0c') in 0.025054 seconds 
  Import took 0.029838 seconds .

========================================================================
Received Import Request.
  Time since last request: 0.000281 seconds.
  path: Assets/場景素材/Free Platform Game Assets/Chests/New Chests ( Update 1.8.5 )/png/Sliced/Model-1/4x/headInnerPiece-2-ForHead-6-4x.png
  artifactKey: Guid(aa4710ed7a66dbd478e6ee7881ee4531) Importer(815301076,1909f56bfc062723c751e8b465ee728b)
Start importing Assets/場景素材/Free Platform Game Assets/Chests/New Chests ( Update 1.8.5 )/png/Sliced/Model-1/4x/headInnerPiece-2-ForHead-6-4x.png using Guid(aa4710ed7a66dbd478e6ee7881ee4531) Importer(815301076,1909f56bfc062723c751e8b465ee728b)  -> (artifact id: 'aa9b1e0ac71b0caf95baac6a16294761') in 0.033461 seconds 
  Import took 0.039192 seconds .

========================================================================
Received Import Request.
  Time since last request: 0.000442 seconds.
  path: Assets/場景素材/Free Platform Game Assets/Chests/Chest/png/Sliced/Sliced 2/4x/headInnerPiece-1-ForHead4-4x.png
  artifactKey: Guid(4d165bdaa9457244fbb19f3d7bed05f0) Importer(815301076,1909f56bfc062723c751e8b465ee728b)
Start importing Assets/場景素材/Free Platform Game Assets/Chests/Chest/png/Sliced/Sliced 2/4x/headInnerPiece-1-ForHead4-4x.png using Guid(4d165bdaa9457244fbb19f3d7bed05f0) Importer(815301076,1909f56bfc062723c751e8b465ee728b)  -> (artifact id: 'c806d727800b0b2bbcdfb2dcb4da893f') in 0.033235 seconds 
  Import took 0.037341 seconds .

========================================================================
Received Import Request.
  Time since last request: 0.000261 seconds.
  path: Assets/場景素材/Free Platform Game Assets/Character/Character Source/png/1x/Eye.png
  artifactKey: Guid(fb025f51ade62854baa195bbdd5631c7) Importer(815301076,1909f56bfc062723c751e8b465ee728b)
Start importing Assets/場景素材/Free Platform Game Assets/Character/Character Source/png/1x/Eye.png using Guid(fb025f51ade62854baa195bbdd5631c7) Importer(815301076,1909f56bfc062723c751e8b465ee728b)  -> (artifact id: '9d40f9c4e458d25b78834278ddd44ac5') in 0.029283 seconds 
  Import took 0.033117 seconds .

========================================================================
Received Import Request.
  Time since last request: 0.000374 seconds.
  path: Assets/場景素材/Free Platform Game Assets/Enemies/New Enemy ( Update 1.9 )/2x/2D Mac View/eye-2.png
  artifactKey: Guid(33f65bca99ec560469173fd3aa06be38) Importer(815301076,1909f56bfc062723c751e8b465ee728b)
Start importing Assets/場景素材/Free Platform Game Assets/Enemies/New Enemy ( Update 1.9 )/2x/2D Mac View/eye-2.png using Guid(33f65bca99ec560469173fd3aa06be38) Importer(815301076,1909f56bfc062723c751e8b465ee728b)  -> (artifact id: 'aaa4940ba53520c82096ae14a05301af') in 0.029459 seconds 
  Import took 0.033778 seconds .

========================================================================
Received Import Request.
  Time since last request: 0.000289 seconds.
  path: Assets/場景素材/Free Platform Game Assets/Chests/Chest/png/Sliced/Sliced 2/1x/headInnerPiece-1-ForHead4-1x.png
  artifactKey: Guid(a49796abf8c1f9b4583d3528a8cb611c) Importer(815301076,1909f56bfc062723c751e8b465ee728b)
Start importing Assets/場景素材/Free Platform Game Assets/Chests/Chest/png/Sliced/Sliced 2/1x/headInnerPiece-1-ForHead4-1x.png using Guid(a49796abf8c1f9b4583d3528a8cb611c) Importer(815301076,1909f56bfc062723c751e8b465ee728b)  -> (artifact id: 'a265e8fe12927b6bbac498090d27ae06') in 0.028002 seconds 
  Import took 0.034027 seconds .

========================================================================
Received Import Request.
  Time since last request: 0.000282 seconds.
  path: Assets/場景素材/Free Platform Game Assets/Chests/New Chests ( Update 1.8.5 )/png/Separate/Model-2/4x/model-2-1-4x.png
  artifactKey: Guid(4ac5b60f2cdee64408fd68d777f60b2f) Importer(815301076,1909f56bfc062723c751e8b465ee728b)
Start importing Assets/場景素材/Free Platform Game Assets/Chests/New Chests ( Update 1.8.5 )/png/Separate/Model-2/4x/model-2-1-4x.png using Guid(4ac5b60f2cdee64408fd68d777f60b2f) Importer(815301076,1909f56bfc062723c751e8b465ee728b)  -> (artifact id: '4e80aa3ea4360bb9c95919f15a8dc2ce') in 0.032857 seconds 
  Import took 0.036724 seconds .

========================================================================
Received Import Request.
  Time since last request: 0.000258 seconds.
  path: Assets/場景素材/Free Platform Game Assets/Chests/New Chests ( Update 1.8.5 )/png/Separate/Model-2/1x/model-2-2-1x.png
  artifactKey: Guid(86309f6703d55564b8940aab02c0904a) Importer(815301076,1909f56bfc062723c751e8b465ee728b)
Start importing Assets/場景素材/Free Platform Game Assets/Chests/New Chests ( Update 1.8.5 )/png/Separate/Model-2/1x/model-2-2-1x.png using Guid(86309f6703d55564b8940aab02c0904a) Importer(815301076,1909f56bfc062723c751e8b465ee728b)  -> (artifact id: 'f21de35f9b5697d4865b35f482cf15b3') in 0.029953 seconds 
  Import took 0.033831 seconds .

========================================================================
Received Import Request.
  Time since last request: 0.000264 seconds.
  path: Assets/場景素材/Free Platform Game Assets/Enemies/New Enemy ( Update 1.9 )/2x/Square.png
  artifactKey: Guid(d5f2b47dad372334294dd5893b5e4ab1) Importer(815301076,1909f56bfc062723c751e8b465ee728b)
Start importing Assets/場景素材/Free Platform Game Assets/Enemies/New Enemy ( Update 1.9 )/2x/Square.png using Guid(d5f2b47dad372334294dd5893b5e4ab1) Importer(815301076,1909f56bfc062723c751e8b465ee728b)  -> (artifact id: '32de2b86bd1fd97d1ee736bb9d240618') in 0.025316 seconds 
  Import took 0.031734 seconds .

========================================================================
Received Import Request.
  Time since last request: 0.000314 seconds.
  path: Assets/場景素材/Free Platform Game Assets/Chests/New Chests ( Update 1.8.5 )/png/Sliced/Model-1/1x/head-8-1x.png
  artifactKey: Guid(106b9e32d072a7c4c866a3f855a91d15) Importer(815301076,1909f56bfc062723c751e8b465ee728b)
Start importing Assets/場景素材/Free Platform Game Assets/Chests/New Chests ( Update 1.8.5 )/png/Sliced/Model-1/1x/head-8-1x.png using Guid(106b9e32d072a7c4c866a3f855a91d15) Importer(815301076,1909f56bfc062723c751e8b465ee728b)  -> (artifact id: '681bc3b080d75950f623153f97db4d19') in 0.033574 seconds 
  Import took 0.038731 seconds .

========================================================================
Received Import Request.
  Time since last request: 0.000851 seconds.
  path: Assets/場景素材/Free Platform Game Assets/Enemies/New Enemy ( Update 1.9 )/4x/2D Mac View/eye-1.png
  artifactKey: Guid(80e92264fb73dae4098c40eff93989d5) Importer(815301076,1909f56bfc062723c751e8b465ee728b)
Start importing Assets/場景素材/Free Platform Game Assets/Enemies/New Enemy ( Update 1.9 )/4x/2D Mac View/eye-1.png using Guid(80e92264fb73dae4098c40eff93989d5) Importer(815301076,1909f56bfc062723c751e8b465ee728b)  -> (artifact id: '9b6269dfc65c67c67a3060367f37b89c') in 0.027387 seconds 
  Import took 0.032080 seconds .

========================================================================
Received Import Request.
  Time since last request: 0.000294 seconds.
  path: Assets/場景素材/Free Platform Game Assets/Chests/Chest/png/Sliced/Sliced 2/4x/bodyWithoutInnerPiece-6-4x.png
  artifactKey: Guid(af77182505eb39143b6fca5c0af0ea0a) Importer(815301076,1909f56bfc062723c751e8b465ee728b)
Start importing Assets/場景素材/Free Platform Game Assets/Chests/Chest/png/Sliced/Sliced 2/4x/bodyWithoutInnerPiece-6-4x.png using Guid(af77182505eb39143b6fca5c0af0ea0a) Importer(815301076,1909f56bfc062723c751e8b465ee728b)  -> (artifact id: 'ac4e6cce15312591e71ea8758aca29d5') in 0.032169 seconds 
  Import took 0.038336 seconds .

========================================================================
Received Import Request.
  Time since last request: 0.000266 seconds.
  path: Assets/場景素材/Free Platform Game Assets/Chests/New Chests ( Update 1.8.5 )/png/Sliced/Model-1/2x/head-9-2x.png
  artifactKey: Guid(d1876a386503b8343a0f87a805b368ce) Importer(815301076,1909f56bfc062723c751e8b465ee728b)
Start importing Assets/場景素材/Free Platform Game Assets/Chests/New Chests ( Update 1.8.5 )/png/Sliced/Model-1/2x/head-9-2x.png using Guid(d1876a386503b8343a0f87a805b368ce) Importer(815301076,1909f56bfc062723c751e8b465ee728b)  -> (artifact id: 'f53f7bbf512a3e5c265f8d8939b6ac0c') in 0.027895 seconds 
  Import took 0.031629 seconds .

========================================================================
Received Import Request.
  Time since last request: 0.000790 seconds.
  path: Assets/場景素材/Free Platform Game Assets/Chests/New Chests ( Update 1.8.5 )/png/Separate/Model-2/2x/model-2-2-2x.png
  artifactKey: Guid(bd8bbaaf5f053f140bf81af5dd5d13d0) Importer(815301076,1909f56bfc062723c751e8b465ee728b)
Start importing Assets/場景素材/Free Platform Game Assets/Chests/New Chests ( Update 1.8.5 )/png/Separate/Model-2/2x/model-2-2-2x.png using Guid(bd8bbaaf5f053f140bf81af5dd5d13d0) Importer(815301076,1909f56bfc062723c751e8b465ee728b)  -> (artifact id: 'a612a60f6a6076b476313c48e7ac212d') in 0.034950 seconds 
  Import took 0.039295 seconds .

========================================================================
Received Import Request.
  Time since last request: 0.000268 seconds.
  path: Assets/場景素材/Free Platform Game Assets/Chests/New Chests ( Update 1.8.5 )/png/Sliced/Model-1/2x/head-7-2x.png
  artifactKey: Guid(255b20776e242f9469e8b9666b083109) Importer(815301076,1909f56bfc062723c751e8b465ee728b)
Start importing Assets/場景素材/Free Platform Game Assets/Chests/New Chests ( Update 1.8.5 )/png/Sliced/Model-1/2x/head-7-2x.png using Guid(255b20776e242f9469e8b9666b083109) Importer(815301076,1909f56bfc062723c751e8b465ee728b)  -> (artifact id: 'b12e2f1d69d5cd7b09f923e0f3845578') in 0.029402 seconds 
  Import took 0.033381 seconds .

========================================================================
Received Import Request.
  Time since last request: 0.000261 seconds.
  path: Assets/場景素材/Free Platform Game Assets/Chests/New Chests ( Update 1.8.5 )/png/Sliced/Model-1/4x/head-9-4x.png
  artifactKey: Guid(50943a86eb19d9044821049517a06543) Importer(815301076,1909f56bfc062723c751e8b465ee728b)
Start importing Assets/場景素材/Free Platform Game Assets/Chests/New Chests ( Update 1.8.5 )/png/Sliced/Model-1/4x/head-9-4x.png using Guid(50943a86eb19d9044821049517a06543) Importer(815301076,1909f56bfc062723c751e8b465ee728b)  -> (artifact id: '09b159bc16b228bca7237fafcb113171') in 0.032453 seconds 
  Import took 0.037613 seconds .

========================================================================
Received Import Request.
  Time since last request: 0.000467 seconds.
  path: Assets/場景素材/Free Platform Game Assets/Chests/New Chests ( Update 1.8.5 )/png/Separate/Model-2/2x/model-2-3-2x.png
  artifactKey: Guid(6e3f188eb1192b64f932c7002c112757) Importer(815301076,1909f56bfc062723c751e8b465ee728b)
Start importing Assets/場景素材/Free Platform Game Assets/Chests/New Chests ( Update 1.8.5 )/png/Separate/Model-2/2x/model-2-3-2x.png using Guid(6e3f188eb1192b64f932c7002c112757) Importer(815301076,1909f56bfc062723c751e8b465ee728b)  -> (artifact id: '715040dec4c7297f4185bc65fb045289') in 0.034441 seconds 
  Import took 0.039048 seconds .

========================================================================
Received Import Request.
  Time since last request: 0.000364 seconds.
  path: Assets/場景素材/Free Platform Game Assets/Chests/New Chests ( Update 1.8.5 )/png/Sliced/Model-1/1x/headInnerPiece-1-ForHead-5-1x.png
  artifactKey: Guid(6374bfe696e08c841a78e0f60d2bab34) Importer(815301076,1909f56bfc062723c751e8b465ee728b)
Start importing Assets/場景素材/Free Platform Game Assets/Chests/New Chests ( Update 1.8.5 )/png/Sliced/Model-1/1x/headInnerPiece-1-ForHead-5-1x.png using Guid(6374bfe696e08c841a78e0f60d2bab34) Importer(815301076,1909f56bfc062723c751e8b465ee728b)  -> (artifact id: 'f0d1cf4bb01aaceddc205bf09969fdeb') in 0.034665 seconds 
  Import took 0.039526 seconds .

========================================================================
Received Import Request.
  Time since last request: 0.000251 seconds.
  path: Assets/場景素材/Free Platform Game Assets/Enemies/New Enemy ( Update 1.9 )/2x/2D Mac View/eye-1.png
  artifactKey: Guid(5d3bb4b249de06941b76dc5cf0f9916e) Importer(815301076,1909f56bfc062723c751e8b465ee728b)
Start importing Assets/場景素材/Free Platform Game Assets/Enemies/New Enemy ( Update 1.9 )/2x/2D Mac View/eye-1.png using Guid(5d3bb4b249de06941b76dc5cf0f9916e) Importer(815301076,1909f56bfc062723c751e8b465ee728b)  -> (artifact id: 'a7908e0f3eca8f06fcf99d9b5b9e53f7') in 0.027890 seconds 
  Import took 0.033071 seconds .

========================================================================
Received Import Request.
  Time since last request: 0.000261 seconds.
  path: Assets/場景素材/Free Platform Game Assets/Enemies/New Enemy ( Update 1.9 )/4x/2D Mac View/eye-2.png
  artifactKey: Guid(85c6153580da537429fdc0e78b6c4556) Importer(815301076,1909f56bfc062723c751e8b465ee728b)
Start importing Assets/場景素材/Free Platform Game Assets/Enemies/New Enemy ( Update 1.9 )/4x/2D Mac View/eye-2.png using Guid(85c6153580da537429fdc0e78b6c4556) Importer(815301076,1909f56bfc062723c751e8b465ee728b)  -> (artifact id: 'e39e1263315b45a90171462d4a811869') in 0.025657 seconds 
  Import took 0.029395 seconds .

========================================================================
Received Import Request.
  Time since last request: 0.000277 seconds.
  path: Assets/場景素材/Free Platform Game Assets/Character/Character Source/png/2x/Eye.png
  artifactKey: Guid(7daf562beaee76348a9d950a1e6e600e) Importer(815301076,1909f56bfc062723c751e8b465ee728b)
Start importing Assets/場景素材/Free Platform Game Assets/Character/Character Source/png/2x/Eye.png using Guid(7daf562beaee76348a9d950a1e6e600e) Importer(815301076,1909f56bfc062723c751e8b465ee728b)  -> (artifact id: '8d75742e3152ef96559d246d0a3836a8') in 0.030107 seconds 
  Import took 0.035655 seconds .

========================================================================
Received Import Request.
  Time since last request: 0.000247 seconds.
  path: Assets/場景素材/Free Platform Game Assets/Chests/New Chests ( Update 1.8.5 )/png/Sliced/Model-1/4x/head-7-4x.png
  artifactKey: Guid(f8e92d1aaa8115841b47a2bc791e14ec) Importer(815301076,1909f56bfc062723c751e8b465ee728b)
Start importing Assets/場景素材/Free Platform Game Assets/Chests/New Chests ( Update 1.8.5 )/png/Sliced/Model-1/4x/head-7-4x.png using Guid(f8e92d1aaa8115841b47a2bc791e14ec) Importer(815301076,1909f56bfc062723c751e8b465ee728b)  -> (artifact id: 'e006baff279dbb0ea5b92e072d4b3563') in 0.034146 seconds 
  Import took 0.039343 seconds .

========================================================================
Received Import Request.
  Time since last request: 0.000275 seconds.
  path: Assets/場景素材/Free Platform Game Assets/Chests/New Chests ( Update 1.8.5 )/png/Sliced/Model-1/2x/head-8-2x.png
  artifactKey: Guid(8f6df8ce34672e04880c99ca5a37cc71) Importer(815301076,1909f56bfc062723c751e8b465ee728b)
Start importing Assets/場景素材/Free Platform Game Assets/Chests/New Chests ( Update 1.8.5 )/png/Sliced/Model-1/2x/head-8-2x.png using Guid(8f6df8ce34672e04880c99ca5a37cc71) Importer(815301076,1909f56bfc062723c751e8b465ee728b)  -> (artifact id: '5aadf946b4d793670091482d2049079f') in 0.033664 seconds 
  Import took 0.039024 seconds .

========================================================================
Received Import Request.
  Time since last request: 0.000274 seconds.
  path: Assets/場景素材/Free Platform Game Assets/Chests/New Chests ( Update 1.8.5 )/png/Sliced/Model-1/2x/headInnerPiece-2-ForHead-6-2x.png
  artifactKey: Guid(f83f36b79a72ba04e9526717bb9a398d) Importer(815301076,1909f56bfc062723c751e8b465ee728b)
Start importing Assets/場景素材/Free Platform Game Assets/Chests/New Chests ( Update 1.8.5 )/png/Sliced/Model-1/2x/headInnerPiece-2-ForHead-6-2x.png using Guid(f83f36b79a72ba04e9526717bb9a398d) Importer(815301076,1909f56bfc062723c751e8b465ee728b)  -> (artifact id: '2350d2e74d915202d0089825175de98c') in 0.034530 seconds 
  Import took 0.038313 seconds .

========================================================================
Received Import Request.
  Time since last request: 0.000290 seconds.
  path: Assets/場景素材/Free Platform Game Assets/Chests/New Chests ( Update 1.8.5 )/png/Sliced/Model-1/1x/head-9-1x.png
  artifactKey: Guid(1644edc71fc262041a42aebb814915c3) Importer(815301076,1909f56bfc062723c751e8b465ee728b)
Start importing Assets/場景素材/Free Platform Game Assets/Chests/New Chests ( Update 1.8.5 )/png/Sliced/Model-1/1x/head-9-1x.png using Guid(1644edc71fc262041a42aebb814915c3) Importer(815301076,1909f56bfc062723c751e8b465ee728b)  -> (artifact id: '46ec3bbf4a9e5352dafe0759513d6a93') in 0.030132 seconds 
  Import took 0.036897 seconds .

========================================================================
Received Import Request.
  Time since last request: 0.000249 seconds.
  path: Assets/場景素材/Free Platform Game Assets/Chests/Chest/png/Sliced/Sliced 1/4x/head-6-4x.png
  artifactKey: Guid(768d423b940167044bcdbd03d80f3424) Importer(815301076,1909f56bfc062723c751e8b465ee728b)
Start importing Assets/場景素材/Free Platform Game Assets/Chests/Chest/png/Sliced/Sliced 1/4x/head-6-4x.png using Guid(768d423b940167044bcdbd03d80f3424) Importer(815301076,1909f56bfc062723c751e8b465ee728b)  -> (artifact id: '9ee1532c9a86752de9f40cbd168e903a') in 0.026322 seconds 
  Import took 0.030517 seconds .

========================================================================
Received Prepare
Registering precompiled user dll's ...
Registered in 0.003257 seconds.
Begin MonoManager ReloadAssembly
Native extension for WindowsStandalone target not found
Native extension for WebGL target not found
Refreshing native plugins compatible for Editor in 0.64 ms, found 3 plugins.
Preloading 0 native plugins for Editor in 0.00 ms.
Mono: successfully reloaded assembly
- Completed reload, in  0.968 seconds
Domain Reload Profiling:
	ReloadAssembly (968ms)
		BeginReloadAssembly (106ms)
			ExecutionOrderSort (0ms)
			DisableScriptedObjects (6ms)
			BackupInstance (0ms)
			ReleaseScriptingObjects (0ms)
			CreateAndSetChildDomain (35ms)
		EndReloadAssembly (805ms)
			LoadAssemblies (81ms)
			RebuildTransferFunctionScriptingTraits (0ms)
			SetupTypeCache (279ms)
			ReleaseScriptCaches (1ms)
			RebuildScriptCaches (44ms)
			SetupLoadedEditorAssemblies (291ms)
				LogAssemblyErrors (0ms)
				InitializePlatformSupportModulesInManaged (5ms)
				SetLoadedEditorAssemblies (0ms)
				RefreshPlugins (1ms)
				BeforeProcessingInitializeOnLoad (82ms)
				ProcessInitializeOnLoadAttributes (191ms)
				ProcessInitializeOnLoadMethodAttributes (5ms)
				AfterProcessingInitializeOnLoad (6ms)
				EditorAssembliesLoaded (0ms)
			ExecutionOrderSort2 (0ms)
			AwakeInstancesAfterBackupRestoration (10ms)
Platform modules already initialized, skipping
Refreshing native plugins compatible for Editor in 0.65 ms, found 3 plugins.
Preloading 0 native plugins for Editor in 0.00 ms.
Unloading 2080 Unused Serialized files (Serialized files now loaded: 0)
System memory in use before: 98.7 MB.
System memory in use after: 98.8 MB.

Unloading 14 unused Assets to reduce memory usage. Loaded Objects now: 2558.
Total: 3.186800 ms (FindLiveObjects: 0.187500 ms CreateObjectMapping: 0.075800 ms MarkObjects: 2.901600 ms  DeleteObjects: 0.021000 ms)

AssetImportParameters requested are different than current active one (requested -> active):
  custom:framework-win-MediaFoundation: 216162199b28c13a410421893ffa2e32 -> 
  custom:video-decoder-ogg-theora: a1e56fd34408186e4bbccfd4996cb3dc -> 
  custom:container-muxer-webm: aa71ff27fc2769a1b78a27578f13a17b -> 
  custom:container-demuxer-webm: 4f35f7cbe854078d1ac9338744f61a02 -> 
  custom:container-demuxer-ogg: 62fdf1f143b41e24485cea50d1cbac27 -> 
  custom:video-encoder-webm-vp8: eb34c28f22e8b96e1ab97ce403110664 -> 
  custom:video-decoder-webm-vp8: 9c59270c3fd7afecdb556c50c9e8de78 -> 
  custom:audio-decoder-ogg-vorbis: bf7c407c2cedff20999df2af8eb42d56 -> 
  custom:audio-encoder-webm-vorbis: bf7c407c2cedff20999df2af8eb42d56 -> 
========================================================================
Received Prepare
Registering precompiled user dll's ...
Registered in 0.006911 seconds.
Begin MonoManager ReloadAssembly
Native extension for WindowsStandalone target not found
Native extension for WebGL target not found
Refreshing native plugins compatible for Editor in 1.21 ms, found 3 plugins.
Preloading 0 native plugins for Editor in 0.00 ms.
Mono: successfully reloaded assembly
- Completed reload, in  1.773 seconds
Domain Reload Profiling:
	ReloadAssembly (1775ms)
		BeginReloadAssembly (208ms)
			ExecutionOrderSort (0ms)
			DisableScriptedObjects (12ms)
			BackupInstance (0ms)
			ReleaseScriptingObjects (0ms)
			CreateAndSetChildDomain (92ms)
		EndReloadAssembly (1466ms)
			LoadAssemblies (154ms)
			RebuildTransferFunctionScriptingTraits (0ms)
			SetupTypeCache (539ms)
			ReleaseScriptCaches (2ms)
			RebuildScriptCaches (77ms)
			SetupLoadedEditorAssemblies (513ms)
				LogAssemblyErrors (0ms)
				InitializePlatformSupportModulesInManaged (11ms)
				SetLoadedEditorAssemblies (2ms)
				RefreshPlugins (1ms)
				BeforeProcessingInitializeOnLoad (136ms)
				ProcessInitializeOnLoadAttributes (343ms)
				ProcessInitializeOnLoadMethodAttributes (9ms)
				AfterProcessingInitializeOnLoad (10ms)
				EditorAssembliesLoaded (0ms)
			ExecutionOrderSort2 (0ms)
			AwakeInstancesAfterBackupRestoration (15ms)
Platform modules already initialized, skipping
Refreshing native plugins compatible for Editor in 0.85 ms, found 3 plugins.
Preloading 0 native plugins for Editor in 0.00 ms.
Unloading 2080 Unused Serialized files (Serialized files now loaded: 0)
System memory in use before: 98.8 MB.
System memory in use after: 98.9 MB.

Unloading 14 unused Assets to reduce memory usage. Loaded Objects now: 2561.
Total: 7.192800 ms (FindLiveObjects: 0.734600 ms CreateObjectMapping: 0.795100 ms MarkObjects: 5.616100 ms  DeleteObjects: 0.042800 ms)

AssetImportParameters requested are different than current active one (requested -> active):
  custom:framework-win-MediaFoundation: 216162199b28c13a410421893ffa2e32 -> 
  custom:video-decoder-ogg-theora: a1e56fd34408186e4bbccfd4996cb3dc -> 
  custom:container-muxer-webm: aa71ff27fc2769a1b78a27578f13a17b -> 
  custom:container-demuxer-webm: 4f35f7cbe854078d1ac9338744f61a02 -> 
  custom:container-demuxer-ogg: 62fdf1f143b41e24485cea50d1cbac27 -> 
  custom:video-encoder-webm-vp8: eb34c28f22e8b96e1ab97ce403110664 -> 
  custom:video-decoder-webm-vp8: 9c59270c3fd7afecdb556c50c9e8de78 -> 
  custom:audio-decoder-ogg-vorbis: bf7c407c2cedff20999df2af8eb42d56 -> 
  custom:audio-encoder-webm-vorbis: bf7c407c2cedff20999df2af8eb42d56 -> 
========================================================================
Received Prepare
Registering precompiled user dll's ...
Registered in 0.019339 seconds.
Begin MonoManager ReloadAssembly
Native extension for WindowsStandalone target not found
Native extension for WebGL target not found
Refreshing native plugins compatible for Editor in 0.70 ms, found 3 plugins.
Preloading 0 native plugins for Editor in 0.00 ms.
Mono: successfully reloaded assembly
- Completed reload, in  1.055 seconds
Domain Reload Profiling:
	ReloadAssembly (1056ms)
		BeginReloadAssembly (105ms)
			ExecutionOrderSort (0ms)
			DisableScriptedObjects (7ms)
			BackupInstance (0ms)
			ReleaseScriptingObjects (0ms)
			CreateAndSetChildDomain (35ms)
		EndReloadAssembly (890ms)
			LoadAssemblies (84ms)
			RebuildTransferFunctionScriptingTraits (0ms)
			SetupTypeCache (279ms)
			ReleaseScriptCaches (1ms)
			RebuildScriptCaches (43ms)
			SetupLoadedEditorAssemblies (372ms)
				LogAssemblyErrors (0ms)
				InitializePlatformSupportModulesInManaged (8ms)
				SetLoadedEditorAssemblies (0ms)
				RefreshPlugins (1ms)
				BeforeProcessingInitializeOnLoad (96ms)
				ProcessInitializeOnLoadAttributes (252ms)
				ProcessInitializeOnLoadMethodAttributes (7ms)
				AfterProcessingInitializeOnLoad (8ms)
				EditorAssembliesLoaded (0ms)
			ExecutionOrderSort2 (0ms)
			AwakeInstancesAfterBackupRestoration (13ms)
Platform modules already initialized, skipping
Refreshing native plugins compatible for Editor in 0.61 ms, found 3 plugins.
Preloading 0 native plugins for Editor in 0.00 ms.
Unloading 2080 Unused Serialized files (Serialized files now loaded: 0)
System memory in use before: 98.8 MB.
System memory in use after: 98.9 MB.

Unloading 14 unused Assets to reduce memory usage. Loaded Objects now: 2564.
Total: 2.748900 ms (FindLiveObjects: 0.166100 ms CreateObjectMapping: 0.065400 ms MarkObjects: 2.502000 ms  DeleteObjects: 0.014500 ms)

AssetImportParameters requested are different than current active one (requested -> active):
  custom:framework-win-MediaFoundation: 216162199b28c13a410421893ffa2e32 -> 
  custom:video-decoder-ogg-theora: a1e56fd34408186e4bbccfd4996cb3dc -> 
  custom:container-muxer-webm: aa71ff27fc2769a1b78a27578f13a17b -> 
  custom:container-demuxer-webm: 4f35f7cbe854078d1ac9338744f61a02 -> 
  custom:container-demuxer-ogg: 62fdf1f143b41e24485cea50d1cbac27 -> 
  custom:video-encoder-webm-vp8: eb34c28f22e8b96e1ab97ce403110664 -> 
  custom:video-decoder-webm-vp8: 9c59270c3fd7afecdb556c50c9e8de78 -> 
  custom:audio-decoder-ogg-vorbis: bf7c407c2cedff20999df2af8eb42d56 -> 
  custom:audio-encoder-webm-vorbis: bf7c407c2cedff20999df2af8eb42d56 -> 
========================================================================
Received Prepare
Registering precompiled user dll's ...
Registered in 0.003115 seconds.
Begin MonoManager ReloadAssembly
Native extension for WindowsStandalone target not found
Native extension for WebGL target not found
Refreshing native plugins compatible for Editor in 0.63 ms, found 3 plugins.
Preloading 0 native plugins for Editor in 0.00 ms.
Mono: successfully reloaded assembly
- Completed reload, in  0.958 seconds
Domain Reload Profiling:
	ReloadAssembly (959ms)
		BeginReloadAssembly (107ms)
			ExecutionOrderSort (0ms)
			DisableScriptedObjects (6ms)
			BackupInstance (0ms)
			ReleaseScriptingObjects (0ms)
			CreateAndSetChildDomain (33ms)
		EndReloadAssembly (794ms)
			LoadAssemblies (84ms)
			RebuildTransferFunctionScriptingTraits (0ms)
			SetupTypeCache (273ms)
			ReleaseScriptCaches (1ms)
			RebuildScriptCaches (39ms)
			SetupLoadedEditorAssemblies (294ms)
				LogAssemblyErrors (0ms)
				InitializePlatformSupportModulesInManaged (6ms)
				SetLoadedEditorAssemblies (1ms)
				RefreshPlugins (1ms)
				BeforeProcessingInitializeOnLoad (83ms)
				ProcessInitializeOnLoadAttributes (192ms)
				ProcessInitializeOnLoadMethodAttributes (5ms)
				AfterProcessingInitializeOnLoad (6ms)
				EditorAssembliesLoaded (0ms)
			ExecutionOrderSort2 (0ms)
			AwakeInstancesAfterBackupRestoration (11ms)
Platform modules already initialized, skipping
Refreshing native plugins compatible for Editor in 0.65 ms, found 3 plugins.
Preloading 0 native plugins for Editor in 0.00 ms.
Unloading 2080 Unused Serialized files (Serialized files now loaded: 0)
System memory in use before: 98.8 MB.
System memory in use after: 98.9 MB.

Unloading 14 unused Assets to reduce memory usage. Loaded Objects now: 2567.
Total: 2.930200 ms (FindLiveObjects: 0.184800 ms CreateObjectMapping: 0.074900 ms MarkObjects: 2.653800 ms  DeleteObjects: 0.015900 ms)

AssetImportParameters requested are different than current active one (requested -> active):
  custom:framework-win-MediaFoundation: 216162199b28c13a410421893ffa2e32 -> 
  custom:video-decoder-ogg-theora: a1e56fd34408186e4bbccfd4996cb3dc -> 
  custom:container-muxer-webm: aa71ff27fc2769a1b78a27578f13a17b -> 
  custom:container-demuxer-webm: 4f35f7cbe854078d1ac9338744f61a02 -> 
  custom:container-demuxer-ogg: 62fdf1f143b41e24485cea50d1cbac27 -> 
  custom:video-encoder-webm-vp8: eb34c28f22e8b96e1ab97ce403110664 -> 
  custom:video-decoder-webm-vp8: 9c59270c3fd7afecdb556c50c9e8de78 -> 
  custom:audio-decoder-ogg-vorbis: bf7c407c2cedff20999df2af8eb42d56 -> 
  custom:audio-encoder-webm-vorbis: bf7c407c2cedff20999df2af8eb42d56 -> 
========================================================================
Received Prepare
Registering precompiled user dll's ...
Registered in 0.003255 seconds.
Begin MonoManager ReloadAssembly
Native extension for WindowsStandalone target not found
Native extension for WebGL target not found
Refreshing native plugins compatible for Editor in 0.61 ms, found 3 plugins.
Preloading 0 native plugins for Editor in 0.00 ms.
Mono: successfully reloaded assembly
- Completed reload, in  0.970 seconds
Domain Reload Profiling:
	ReloadAssembly (970ms)
		BeginReloadAssembly (114ms)
			ExecutionOrderSort (0ms)
			DisableScriptedObjects (6ms)
			BackupInstance (0ms)
			ReleaseScriptingObjects (0ms)
			CreateAndSetChildDomain (36ms)
		EndReloadAssembly (799ms)
			LoadAssemblies (84ms)
			RebuildTransferFunctionScriptingTraits (0ms)
			SetupTypeCache (282ms)
			ReleaseScriptCaches (1ms)
			RebuildScriptCaches (48ms)
			SetupLoadedEditorAssemblies (280ms)
				LogAssemblyErrors (0ms)
				InitializePlatformSupportModulesInManaged (5ms)
				SetLoadedEditorAssemblies (0ms)
				RefreshPlugins (1ms)
				BeforeProcessingInitializeOnLoad (80ms)
				ProcessInitializeOnLoadAttributes (182ms)
				ProcessInitializeOnLoadMethodAttributes (5ms)
				AfterProcessingInitializeOnLoad (6ms)
				EditorAssembliesLoaded (0ms)
			ExecutionOrderSort2 (0ms)
			AwakeInstancesAfterBackupRestoration (11ms)
Platform modules already initialized, skipping
Refreshing native plugins compatible for Editor in 0.62 ms, found 3 plugins.
Preloading 0 native plugins for Editor in 0.00 ms.
Unloading 2080 Unused Serialized files (Serialized files now loaded: 0)
System memory in use before: 98.8 MB.
System memory in use after: 98.9 MB.

Unloading 14 unused Assets to reduce memory usage. Loaded Objects now: 2570.
Total: 3.233100 ms (FindLiveObjects: 0.197200 ms CreateObjectMapping: 0.078600 ms MarkObjects: 2.929100 ms  DeleteObjects: 0.026600 ms)

AssetImportParameters requested are different than current active one (requested -> active):
  custom:framework-win-MediaFoundation: 216162199b28c13a410421893ffa2e32 -> 
  custom:video-decoder-ogg-theora: a1e56fd34408186e4bbccfd4996cb3dc -> 
  custom:container-muxer-webm: aa71ff27fc2769a1b78a27578f13a17b -> 
  custom:container-demuxer-webm: 4f35f7cbe854078d1ac9338744f61a02 -> 
  custom:container-demuxer-ogg: 62fdf1f143b41e24485cea50d1cbac27 -> 
  custom:video-encoder-webm-vp8: eb34c28f22e8b96e1ab97ce403110664 -> 
  custom:video-decoder-webm-vp8: 9c59270c3fd7afecdb556c50c9e8de78 -> 
  custom:audio-decoder-ogg-vorbis: bf7c407c2cedff20999df2af8eb42d56 -> 
  custom:audio-encoder-webm-vorbis: bf7c407c2cedff20999df2af8eb42d56 -> 
========================================================================
Received Prepare
Registering precompiled user dll's ...
Registered in 0.009748 seconds.
Begin MonoManager ReloadAssembly
Native extension for WindowsStandalone target not found
Native extension for WebGL target not found
Refreshing native plugins compatible for Editor in 0.63 ms, found 3 plugins.
Preloading 0 native plugins for Editor in 0.00 ms.
Mono: successfully reloaded assembly
- Completed reload, in  0.946 seconds
Domain Reload Profiling:
	ReloadAssembly (947ms)
		BeginReloadAssembly (107ms)
			ExecutionOrderSort (0ms)
			DisableScriptedObjects (6ms)
			BackupInstance (0ms)
			ReleaseScriptingObjects (0ms)
			CreateAndSetChildDomain (31ms)
		EndReloadAssembly (779ms)
			LoadAssemblies (86ms)
			RebuildTransferFunctionScriptingTraits (0ms)
			SetupTypeCache (273ms)
			ReleaseScriptCaches (1ms)
			RebuildScriptCaches (41ms)
			SetupLoadedEditorAssemblies (281ms)
				LogAssemblyErrors (0ms)
				InitializePlatformSupportModulesInManaged (6ms)
				SetLoadedEditorAssemblies (0ms)
				RefreshPlugins (1ms)
				BeforeProcessingInitializeOnLoad (78ms)
				ProcessInitializeOnLoadAttributes (185ms)
				ProcessInitializeOnLoadMethodAttributes (5ms)
				AfterProcessingInitializeOnLoad (7ms)
				EditorAssembliesLoaded (0ms)
			ExecutionOrderSort2 (0ms)
			AwakeInstancesAfterBackupRestoration (10ms)
Platform modules already initialized, skipping
Refreshing native plugins compatible for Editor in 0.61 ms, found 3 plugins.
Preloading 0 native plugins for Editor in 0.00 ms.
Unloading 2080 Unused Serialized files (Serialized files now loaded: 0)
System memory in use before: 98.8 MB.
System memory in use after: 98.9 MB.

Unloading 14 unused Assets to reduce memory usage. Loaded Objects now: 2573.
Total: 3.389100 ms (FindLiveObjects: 0.219700 ms CreateObjectMapping: 0.068300 ms MarkObjects: 3.081600 ms  DeleteObjects: 0.018400 ms)

AssetImportParameters requested are different than current active one (requested -> active):
  custom:framework-win-MediaFoundation: 216162199b28c13a410421893ffa2e32 -> 
  custom:video-decoder-ogg-theora: a1e56fd34408186e4bbccfd4996cb3dc -> 
  custom:container-muxer-webm: aa71ff27fc2769a1b78a27578f13a17b -> 
  custom:container-demuxer-webm: 4f35f7cbe854078d1ac9338744f61a02 -> 
  custom:container-demuxer-ogg: 62fdf1f143b41e24485cea50d1cbac27 -> 
  custom:video-encoder-webm-vp8: eb34c28f22e8b96e1ab97ce403110664 -> 
  custom:video-decoder-webm-vp8: 9c59270c3fd7afecdb556c50c9e8de78 -> 
  custom:audio-decoder-ogg-vorbis: bf7c407c2cedff20999df2af8eb42d56 -> 
  custom:audio-encoder-webm-vorbis: bf7c407c2cedff20999df2af8eb42d56 -> 
========================================================================
Received Prepare
Registering precompiled user dll's ...
Registered in 0.003277 seconds.
Begin MonoManager ReloadAssembly
Native extension for WindowsStandalone target not found
Native extension for WebGL target not found
Refreshing native plugins compatible for Editor in 0.68 ms, found 3 plugins.
Preloading 0 native plugins for Editor in 0.00 ms.
Mono: successfully reloaded assembly
- Completed reload, in  0.961 seconds
Domain Reload Profiling:
	ReloadAssembly (962ms)
		BeginReloadAssembly (112ms)
			ExecutionOrderSort (0ms)
			DisableScriptedObjects (6ms)
			BackupInstance (0ms)
			ReleaseScriptingObjects (0ms)
			CreateAndSetChildDomain (31ms)
		EndReloadAssembly (791ms)
			LoadAssemblies (81ms)
			RebuildTransferFunctionScriptingTraits (0ms)
			SetupTypeCache (268ms)
			ReleaseScriptCaches (1ms)
			RebuildScriptCaches (44ms)
			SetupLoadedEditorAssemblies (290ms)
				LogAssemblyErrors (0ms)
				InitializePlatformSupportModulesInManaged (5ms)
				SetLoadedEditorAssemblies (0ms)
				RefreshPlugins (1ms)
				BeforeProcessingInitializeOnLoad (82ms)
				ProcessInitializeOnLoadAttributes (190ms)
				ProcessInitializeOnLoadMethodAttributes (5ms)
				AfterProcessingInitializeOnLoad (6ms)
				EditorAssembliesLoaded (0ms)
			ExecutionOrderSort2 (0ms)
			AwakeInstancesAfterBackupRestoration (10ms)
Platform modules already initialized, skipping
Refreshing native plugins compatible for Editor in 0.63 ms, found 3 plugins.
Preloading 0 native plugins for Editor in 0.00 ms.
Unloading 2080 Unused Serialized files (Serialized files now loaded: 0)
System memory in use before: 98.8 MB.
System memory in use after: 99.0 MB.

Unloading 14 unused Assets to reduce memory usage. Loaded Objects now: 2576.
Total: 3.660800 ms (FindLiveObjects: 0.323000 ms CreateObjectMapping: 0.137700 ms MarkObjects: 3.175700 ms  DeleteObjects: 0.021900 ms)

AssetImportParameters requested are different than current active one (requested -> active):
  custom:framework-win-MediaFoundation: 216162199b28c13a410421893ffa2e32 -> 
  custom:video-decoder-ogg-theora: a1e56fd34408186e4bbccfd4996cb3dc -> 
  custom:container-muxer-webm: aa71ff27fc2769a1b78a27578f13a17b -> 
  custom:container-demuxer-webm: 4f35f7cbe854078d1ac9338744f61a02 -> 
  custom:container-demuxer-ogg: 62fdf1f143b41e24485cea50d1cbac27 -> 
  custom:video-encoder-webm-vp8: eb34c28f22e8b96e1ab97ce403110664 -> 
  custom:video-decoder-webm-vp8: 9c59270c3fd7afecdb556c50c9e8de78 -> 
  custom:audio-decoder-ogg-vorbis: bf7c407c2cedff20999df2af8eb42d56 -> 
  custom:audio-encoder-webm-vorbis: bf7c407c2cedff20999df2af8eb42d56 -> 
========================================================================
Received Prepare
Registering precompiled user dll's ...
Registered in 0.012885 seconds.
Begin MonoManager ReloadAssembly
Native extension for WindowsStandalone target not found
Native extension for WebGL target not found
Refreshing native plugins compatible for Editor in 0.71 ms, found 3 plugins.
Preloading 0 native plugins for Editor in 0.00 ms.
Mono: successfully reloaded assembly
- Completed reload, in  0.964 seconds
Domain Reload Profiling:
	ReloadAssembly (965ms)
		BeginReloadAssembly (97ms)
			ExecutionOrderSort (0ms)
			DisableScriptedObjects (6ms)
			BackupInstance (0ms)
			ReleaseScriptingObjects (0ms)
			CreateAndSetChildDomain (29ms)
		EndReloadAssembly (807ms)
			LoadAssemblies (101ms)
			RebuildTransferFunctionScriptingTraits (0ms)
			SetupTypeCache (282ms)
			ReleaseScriptCaches (1ms)
			RebuildScriptCaches (39ms)
			SetupLoadedEditorAssemblies (287ms)
				LogAssemblyErrors (0ms)
				InitializePlatformSupportModulesInManaged (6ms)
				SetLoadedEditorAssemblies (1ms)
				RefreshPlugins (1ms)
				BeforeProcessingInitializeOnLoad (83ms)
				ProcessInitializeOnLoadAttributes (185ms)
				ProcessInitializeOnLoadMethodAttributes (5ms)
				AfterProcessingInitializeOnLoad (6ms)
				EditorAssembliesLoaded (0ms)
			ExecutionOrderSort2 (0ms)
			AwakeInstancesAfterBackupRestoration (9ms)
Platform modules already initialized, skipping
Refreshing native plugins compatible for Editor in 0.59 ms, found 3 plugins.
Preloading 0 native plugins for Editor in 0.00 ms.
Unloading 2080 Unused Serialized files (Serialized files now loaded: 0)
System memory in use before: 98.8 MB.
System memory in use after: 99.0 MB.

Unloading 14 unused Assets to reduce memory usage. Loaded Objects now: 2579.
Total: 3.597500 ms (FindLiveObjects: 0.227300 ms CreateObjectMapping: 0.070400 ms MarkObjects: 3.281600 ms  DeleteObjects: 0.016900 ms)

AssetImportParameters requested are different than current active one (requested -> active):
  custom:framework-win-MediaFoundation: 216162199b28c13a410421893ffa2e32 -> 
  custom:video-decoder-ogg-theora: a1e56fd34408186e4bbccfd4996cb3dc -> 
  custom:container-muxer-webm: aa71ff27fc2769a1b78a27578f13a17b -> 
  custom:container-demuxer-webm: 4f35f7cbe854078d1ac9338744f61a02 -> 
  custom:container-demuxer-ogg: 62fdf1f143b41e24485cea50d1cbac27 -> 
  custom:video-encoder-webm-vp8: eb34c28f22e8b96e1ab97ce403110664 -> 
  custom:video-decoder-webm-vp8: 9c59270c3fd7afecdb556c50c9e8de78 -> 
  custom:audio-decoder-ogg-vorbis: bf7c407c2cedff20999df2af8eb42d56 -> 
  custom:audio-encoder-webm-vorbis: bf7c407c2cedff20999df2af8eb42d56 -> 
========================================================================
Received Prepare
Registering precompiled user dll's ...
Registered in 0.010310 seconds.
Begin MonoManager ReloadAssembly
Native extension for WindowsStandalone target not found
Native extension for WebGL target not found
Refreshing native plugins compatible for Editor in 0.60 ms, found 3 plugins.
Preloading 0 native plugins for Editor in 0.00 ms.
Mono: successfully reloaded assembly
- Completed reload, in  1.086 seconds
Domain Reload Profiling:
	ReloadAssembly (1087ms)
		BeginReloadAssembly (112ms)
			ExecutionOrderSort (0ms)
			DisableScriptedObjects (6ms)
			BackupInstance (0ms)
			ReleaseScriptingObjects (0ms)
			CreateAndSetChildDomain (31ms)
		EndReloadAssembly (911ms)
			LoadAssemblies (86ms)
			RebuildTransferFunctionScriptingTraits (0ms)
			SetupTypeCache (274ms)
			ReleaseScriptCaches (1ms)
			RebuildScriptCaches (42ms)
			SetupLoadedEditorAssemblies (410ms)
				LogAssemblyErrors (0ms)
				InitializePlatformSupportModulesInManaged (5ms)
				SetLoadedEditorAssemblies (0ms)
				RefreshPlugins (1ms)
				BeforeProcessingInitializeOnLoad (79ms)
				ProcessInitializeOnLoadAttributes (314ms)
				ProcessInitializeOnLoadMethodAttributes (5ms)
				AfterProcessingInitializeOnLoad (6ms)
				EditorAssembliesLoaded (0ms)
			ExecutionOrderSort2 (0ms)
			AwakeInstancesAfterBackupRestoration (10ms)
Platform modules already initialized, skipping
Refreshing native plugins compatible for Editor in 0.81 ms, found 3 plugins.
Preloading 0 native plugins for Editor in 0.00 ms.
Unloading 2080 Unused Serialized files (Serialized files now loaded: 0)
System memory in use before: 98.9 MB.
System memory in use after: 99.0 MB.

Unloading 14 unused Assets to reduce memory usage. Loaded Objects now: 2582.
Total: 10.473200 ms (FindLiveObjects: 0.274300 ms CreateObjectMapping: 0.155300 ms MarkObjects: 9.987300 ms  DeleteObjects: 0.051800 ms)

AssetImportParameters requested are different than current active one (requested -> active):
  custom:framework-win-MediaFoundation: 216162199b28c13a410421893ffa2e32 -> 
  custom:video-decoder-ogg-theora: a1e56fd34408186e4bbccfd4996cb3dc -> 
  custom:container-muxer-webm: aa71ff27fc2769a1b78a27578f13a17b -> 
  custom:container-demuxer-webm: 4f35f7cbe854078d1ac9338744f61a02 -> 
  custom:container-demuxer-ogg: 62fdf1f143b41e24485cea50d1cbac27 -> 
  custom:video-encoder-webm-vp8: eb34c28f22e8b96e1ab97ce403110664 -> 
  custom:video-decoder-webm-vp8: 9c59270c3fd7afecdb556c50c9e8de78 -> 
  custom:audio-decoder-ogg-vorbis: bf7c407c2cedff20999df2af8eb42d56 -> 
  custom:audio-encoder-webm-vorbis: bf7c407c2cedff20999df2af8eb42d56 -> 
========================================================================
Received Import Request.
  Time since last request: 2341.382195 seconds.
  path: Assets/圖片/123.png
  artifactKey: Guid(75d10cc0aca088c48aee24a64072d785) Importer(815301076,1909f56bfc062723c751e8b465ee728b)
Start importing Assets/圖片/123.png using Guid(75d10cc0aca088c48aee24a64072d785) Importer(815301076,1909f56bfc062723c751e8b465ee728b)  -> (artifact id: 'f42be0cae7fc7a21ff2adc37fe944fba') in 0.081873 seconds 
  Import took 0.086296 seconds .

========================================================================
Received Import Request.
  Time since last request: 118.661929 seconds.
  path: Assets/圖片/123 (1).png
  artifactKey: Guid(04e247cf18818bc45a2c5c93904b1fdd) Importer(815301076,1909f56bfc062723c751e8b465ee728b)
Start importing Assets/圖片/123 (1).png using Guid(04e247cf18818bc45a2c5c93904b1fdd) Importer(815301076,1909f56bfc062723c751e8b465ee728b)  -> (artifact id: '6a0e48b3b28fd5eff367a69d05cfff21') in 0.034278 seconds 
  Import took 0.039057 seconds .

========================================================================
Received Import Request.
  Time since last request: 0.000718 seconds.
  path: Assets/圖片/123 (1).png
  artifactKey: Guid(04e247cf18818bc45a2c5c93904b1fdd) Importer(815301076,1909f56bfc062723c751e8b465ee728b)
Start importing Assets/圖片/123 (1).png using Guid(04e247cf18818bc45a2c5c93904b1fdd) Importer(815301076,1909f56bfc062723c751e8b465ee728b)  -> (artifact id: '6a0e48b3b28fd5eff367a69d05cfff21') in 0.039967 seconds 
  Import took 0.046492 seconds .

========================================================================
Received Import Request.
  Time since last request: 174.735356 seconds.
  path: Assets/圖片/123 (2).png
  artifactKey: Guid(2c49c417d9b7f9846b45974e5a50b9cb) Importer(815301076,1909f56bfc062723c751e8b465ee728b)
Start importing Assets/圖片/123 (2).png using Guid(2c49c417d9b7f9846b45974e5a50b9cb) Importer(815301076,1909f56bfc062723c751e8b465ee728b)  -> (artifact id: '41d0f363806d9d2584bb22af70b2b63a') in 0.021752 seconds 
  Import took 0.027143 seconds .

========================================================================
Received Import Request.
  Time since last request: 134.108063 seconds.
  path: Assets/場景/開場畫面.unity
  artifactKey: Guid(1b0bb9ee7eb14a3419c7961a7c98e866) Importer(815301076,1909f56bfc062723c751e8b465ee728b)
Start importing Assets/場景/開場畫面.unity using Guid(1b0bb9ee7eb14a3419c7961a7c98e866) Importer(815301076,1909f56bfc062723c751e8b465ee728b)  -> (artifact id: '2b2c23569a6c2d0457a795fe0d1162bd') in 0.008790 seconds 
  Import took 0.013063 seconds .

========================================================================
Received Import Request.
  Time since last request: 153.206431 seconds.
  path: Assets/場景/nasu.unity
  artifactKey: Guid(d72a6f7aba45dfa47a84fc74ea5ad3fe) Importer(815301076,1909f56bfc062723c751e8b465ee728b)
Start importing Assets/場景/nasu.unity using Guid(d72a6f7aba45dfa47a84fc74ea5ad3fe) Importer(815301076,1909f56bfc062723c751e8b465ee728b)  -> (artifact id: '535459819edf53f779b04f6d1a1f2b97') in 0.009429 seconds 
  Import took 0.013673 seconds .

========================================================================
Received Import Request.
  Time since last request: 0.001703 seconds.
  path: Assets/場景/nasu.unity
  artifactKey: Guid(d72a6f7aba45dfa47a84fc74ea5ad3fe) Importer(815301076,1909f56bfc062723c751e8b465ee728b)
Start importing Assets/場景/nasu.unity using Guid(d72a6f7aba45dfa47a84fc74ea5ad3fe) Importer(815301076,1909f56bfc062723c751e8b465ee728b)  -> (artifact id: '535459819edf53f779b04f6d1a1f2b97') in 0.003051 seconds 
  Import took 0.007871 seconds .

========================================================================
Received Import Request.
  Time since last request: 114.740979 seconds.
  path: Assets/材質球
  artifactKey: Guid(6b6a2466871dbbb439bae71af5ed0472) Importer(815301076,1909f56bfc062723c751e8b465ee728b)
Start importing Assets/材質球 using Guid(6b6a2466871dbbb439bae71af5ed0472) Importer(815301076,1909f56bfc062723c751e8b465ee728b)  -> (artifact id: '099018f5c7962c7ad8b8ceceab9dbff2') in 0.008866 seconds 
  Import took 0.012946 seconds .

========================================================================
Received Import Request.
  Time since last request: 18.096748 seconds.
  path: Assets/材質球/遊戲場景天空.mat
  artifactKey: Guid(2f234041a108ab745bbad95b87b8e75d) Importer(815301076,1909f56bfc062723c751e8b465ee728b)
Start importing Assets/材質球/遊戲場景天空.mat using Guid(2f234041a108ab745bbad95b87b8e75d) Importer(815301076,1909f56bfc062723c751e8b465ee728b)  -> (artifact id: '62f9178c1ea0e17c50f6f6a89211ba28') in 0.074554 seconds 
  Import took 0.079012 seconds .

========================================================================
Received Import Request.
  Time since last request: 217.823909 seconds.
  path: Assets/材質球/遊戲場景天空.mat
  artifactKey: Guid(2f234041a108ab745bbad95b87b8e75d) Importer(815301076,1909f56bfc062723c751e8b465ee728b)
Start importing Assets/材質球/遊戲場景天空.mat using Guid(2f234041a108ab745bbad95b87b8e75d) Importer(815301076,1909f56bfc062723c751e8b465ee728b)  -> (artifact id: '790a0f16b888206ca48ab44b36bc13d9') in 0.025002 seconds 
  Import took 0.031165 seconds .

========================================================================
Received Prepare
Registering precompiled user dll's ...
Registered in 0.009026 seconds.
Begin MonoManager ReloadAssembly
Native extension for WindowsStandalone target not found
Native extension for WebGL target not found
Refreshing native plugins compatible for Editor in 0.60 ms, found 3 plugins.
Preloading 0 native plugins for Editor in 0.00 ms.
Mono: successfully reloaded assembly
- Completed reload, in  0.932 seconds
Domain Reload Profiling:
	ReloadAssembly (932ms)
		BeginReloadAssembly (117ms)
			ExecutionOrderSort (0ms)
			DisableScriptedObjects (6ms)
			BackupInstance (0ms)
			ReleaseScriptingObjects (0ms)
			CreateAndSetChildDomain (35ms)
		EndReloadAssembly (757ms)
			LoadAssemblies (85ms)
			RebuildTransferFunctionScriptingTraits (0ms)
			SetupTypeCache (263ms)
			ReleaseScriptCaches (1ms)
			RebuildScriptCaches (39ms)
			SetupLoadedEditorAssemblies (275ms)
				LogAssemblyErrors (0ms)
				InitializePlatformSupportModulesInManaged (5ms)
				SetLoadedEditorAssemblies (0ms)
				RefreshPlugins (1ms)
				BeforeProcessingInitializeOnLoad (76ms)
				ProcessInitializeOnLoadAttributes (181ms)
				ProcessInitializeOnLoadMethodAttributes (5ms)
				AfterProcessingInitializeOnLoad (7ms)
				EditorAssembliesLoaded (0ms)
			ExecutionOrderSort2 (0ms)
			AwakeInstancesAfterBackupRestoration (9ms)
Platform modules already initialized, skipping
Refreshing native plugins compatible for Editor in 0.60 ms, found 3 plugins.
Preloading 0 native plugins for Editor in 0.00 ms.
Unloading 2080 Unused Serialized files (Serialized files now loaded: 0)
System memory in use before: 99.1 MB.
System memory in use after: 99.2 MB.

Unloading 14 unused Assets to reduce memory usage. Loaded Objects now: 2624.
Total: 3.158600 ms (FindLiveObjects: 0.207000 ms CreateObjectMapping: 0.065200 ms MarkObjects: 2.869400 ms  DeleteObjects: 0.016200 ms)

AssetImportParameters requested are different than current active one (requested -> active):
  custom:framework-win-MediaFoundation: 216162199b28c13a410421893ffa2e32 -> 
  custom:video-decoder-ogg-theora: a1e56fd34408186e4bbccfd4996cb3dc -> 
  custom:container-muxer-webm: aa71ff27fc2769a1b78a27578f13a17b -> 
  custom:container-demuxer-webm: 4f35f7cbe854078d1ac9338744f61a02 -> 
  custom:container-demuxer-ogg: 62fdf1f143b41e24485cea50d1cbac27 -> 
  custom:video-encoder-webm-vp8: eb34c28f22e8b96e1ab97ce403110664 -> 
  custom:video-decoder-webm-vp8: 9c59270c3fd7afecdb556c50c9e8de78 -> 
  custom:audio-decoder-ogg-vorbis: bf7c407c2cedff20999df2af8eb42d56 -> 
  custom:audio-encoder-webm-vorbis: bf7c407c2cedff20999df2af8eb42d56 -> 
========================================================================
Received Prepare
Registering precompiled user dll's ...
Registered in 0.003334 seconds.
Begin MonoManager ReloadAssembly
Native extension for WindowsStandalone target not found
Native extension for WebGL target not found
Refreshing native plugins compatible for Editor in 0.69 ms, found 3 plugins.
Preloading 0 native plugins for Editor in 0.00 ms.
Mono: successfully reloaded assembly
- Completed reload, in  0.922 seconds
Domain Reload Profiling:
	ReloadAssembly (923ms)
		BeginReloadAssembly (108ms)
			ExecutionOrderSort (0ms)
			DisableScriptedObjects (6ms)
			BackupInstance (0ms)
			ReleaseScriptingObjects (0ms)
			CreateAndSetChildDomain (30ms)
		EndReloadAssembly (757ms)
			LoadAssemblies (81ms)
			RebuildTransferFunctionScriptingTraits (0ms)
			SetupTypeCache (257ms)
			ReleaseScriptCaches (1ms)
			RebuildScriptCaches (39ms)
			SetupLoadedEditorAssemblies (280ms)
				LogAssemblyErrors (0ms)
				InitializePlatformSupportModulesInManaged (5ms)
				SetLoadedEditorAssemblies (0ms)
				RefreshPlugins (1ms)
				BeforeProcessingInitializeOnLoad (80ms)
				ProcessInitializeOnLoadAttributes (182ms)
				ProcessInitializeOnLoadMethodAttributes (5ms)
				AfterProcessingInitializeOnLoad (6ms)
				EditorAssembliesLoaded (0ms)
			ExecutionOrderSort2 (0ms)
			AwakeInstancesAfterBackupRestoration (10ms)
Platform modules already initialized, skipping
Refreshing native plugins compatible for Editor in 0.72 ms, found 3 plugins.
Preloading 0 native plugins for Editor in 0.00 ms.
Unloading 2080 Unused Serialized files (Serialized files now loaded: 0)
System memory in use before: 99.1 MB.
System memory in use after: 99.3 MB.

Unloading 14 unused Assets to reduce memory usage. Loaded Objects now: 2627.
Total: 3.178100 ms (FindLiveObjects: 0.201700 ms CreateObjectMapping: 0.065800 ms MarkObjects: 2.892700 ms  DeleteObjects: 0.017000 ms)

AssetImportParameters requested are different than current active one (requested -> active):
  custom:framework-win-MediaFoundation: 216162199b28c13a410421893ffa2e32 -> 
  custom:video-decoder-ogg-theora: a1e56fd34408186e4bbccfd4996cb3dc -> 
  custom:container-muxer-webm: aa71ff27fc2769a1b78a27578f13a17b -> 
  custom:container-demuxer-webm: 4f35f7cbe854078d1ac9338744f61a02 -> 
  custom:container-demuxer-ogg: 62fdf1f143b41e24485cea50d1cbac27 -> 
  custom:video-encoder-webm-vp8: eb34c28f22e8b96e1ab97ce403110664 -> 
  custom:video-decoder-webm-vp8: 9c59270c3fd7afecdb556c50c9e8de78 -> 
  custom:audio-decoder-ogg-vorbis: bf7c407c2cedff20999df2af8eb42d56 -> 
  custom:audio-encoder-webm-vorbis: bf7c407c2cedff20999df2af8eb42d56 -> 
========================================================================
Received Import Request.
  Time since last request: 1506.406670 seconds.
  path: Assets/圖片/HEART.png
  artifactKey: Guid(c4ac92f9893eaa9458203f270c6ba161) Importer(815301076,1909f56bfc062723c751e8b465ee728b)
Start importing Assets/圖片/HEART.png using Guid(c4ac92f9893eaa9458203f270c6ba161) Importer(815301076,1909f56bfc062723c751e8b465ee728b)  -> (artifact id: 'b234b893672c79e5c5199c6ee7e02132') in 0.067418 seconds 
  Import took 0.073531 seconds .

========================================================================
Received Import Request.
  Time since last request: 0.191738 seconds.
  path: Assets/圖片/TALK.png
  artifactKey: Guid(9ad066e59ee6b20418851be53b51093a) Importer(815301076,1909f56bfc062723c751e8b465ee728b)
Start importing Assets/圖片/TALK.png using Guid(9ad066e59ee6b20418851be53b51093a) Importer(815301076,1909f56bfc062723c751e8b465ee728b)  -> (artifact id: 'd248384e454e680a508c717687de7051') in 0.018821 seconds 
  Import took 0.023212 seconds .

========================================================================
Received Import Request.
  Time since last request: 0.003569 seconds.
  path: Assets/圖片/TALK.png
  artifactKey: Guid(9ad066e59ee6b20418851be53b51093a) Importer(815301076,1909f56bfc062723c751e8b465ee728b)
Start importing Assets/圖片/TALK.png using Guid(9ad066e59ee6b20418851be53b51093a) Importer(815301076,1909f56bfc062723c751e8b465ee728b)  -> (artifact id: 'd248384e454e680a508c717687de7051') in 0.015490 seconds 
  Import took 0.019773 seconds .

========================================================================
Received Import Request.
  Time since last request: 749.391633 seconds.
  path: Assets/圖片/TRI.png
  artifactKey: Guid(d4162b2dc0b085e4ea4493f19b6e0d14) Importer(815301076,1909f56bfc062723c751e8b465ee728b)
Start importing Assets/圖片/TRI.png using Guid(d4162b2dc0b085e4ea4493f19b6e0d14) Importer(815301076,1909f56bfc062723c751e8b465ee728b)  -> (artifact id: '7b81b32641a5f0e6473dfa8067f63bfa') in 0.020545 seconds 
  Import took 0.026890 seconds .

========================================================================
Received Import Request.
  Time since last request: 471.570538 seconds.
  path: Assets/圖片/Circle.png
  artifactKey: Guid(272fcfaa8de7f384faf2e1799915ffcb) Importer(815301076,1909f56bfc062723c751e8b465ee728b)
Start importing Assets/圖片/Circle.png using Guid(272fcfaa8de7f384faf2e1799915ffcb) Importer(815301076,1909f56bfc062723c751e8b465ee728b)  -> (artifact id: 'dd8623ebb94b44284872edbdeeb964ad') in 0.032099 seconds 
  Import took 0.039766 seconds .

========================================================================
Received Import Request.
  Time since last request: 132.078710 seconds.
  path: Assets/圖片/方形.png
  artifactKey: Guid(c9e5c6f4ff152d046b6a4be1367da757) Importer(815301076,1909f56bfc062723c751e8b465ee728b)
Start importing Assets/圖片/方形.png using Guid(c9e5c6f4ff152d046b6a4be1367da757) Importer(815301076,1909f56bfc062723c751e8b465ee728b)  -> (artifact id: '94bc439ae11bca6830b3ab525b181aec') in 0.022832 seconds 
  Import took 0.028454 seconds .

========================================================================
Received Import Request.
  Time since last request: 145.534300 seconds.
  path: Assets/圖片/HEART1.png
  artifactKey: Guid(457fd4a1188ca7d4a900c40d1f4e5fd2) Importer(815301076,1909f56bfc062723c751e8b465ee728b)
Start importing Assets/圖片/HEART1.png using Guid(457fd4a1188ca7d4a900c40d1f4e5fd2) Importer(815301076,1909f56bfc062723c751e8b465ee728b)  -> (artifact id: '7cc0e9f7d87057d5c40d6edf9983343d') in 0.033446 seconds 
  Import took 0.037278 seconds .

========================================================================
Received Prepare
Registering precompiled user dll's ...
Registered in 0.006165 seconds.
Begin MonoManager ReloadAssembly
Native extension for WindowsStandalone target not found
Native extension for WebGL target not found
Refreshing native plugins compatible for Editor in 0.60 ms, found 3 plugins.
Preloading 0 native plugins for Editor in 0.00 ms.
Mono: successfully reloaded assembly
- Completed reload, in  1.031 seconds
Domain Reload Profiling:
	ReloadAssembly (1031ms)
		BeginReloadAssembly (114ms)
			ExecutionOrderSort (0ms)
			DisableScriptedObjects (6ms)
			BackupInstance (0ms)
			ReleaseScriptingObjects (0ms)
			CreateAndSetChildDomain (37ms)
		EndReloadAssembly (853ms)
			LoadAssemblies (86ms)
			RebuildTransferFunctionScriptingTraits (0ms)
			SetupTypeCache (265ms)
			ReleaseScriptCaches (1ms)
			RebuildScriptCaches (41ms)
			SetupLoadedEditorAssemblies (334ms)
				LogAssemblyErrors (0ms)
				InitializePlatformSupportModulesInManaged (5ms)
				SetLoadedEditorAssemblies (0ms)
				RefreshPlugins (1ms)
				BeforeProcessingInitializeOnLoad (77ms)
				ProcessInitializeOnLoadAttributes (219ms)
				ProcessInitializeOnLoadMethodAttributes (17ms)
				AfterProcessingInitializeOnLoad (15ms)
				EditorAssembliesLoaded (0ms)
			ExecutionOrderSort2 (0ms)
			AwakeInstancesAfterBackupRestoration (19ms)
Platform modules already initialized, skipping
Refreshing native plugins compatible for Editor in 0.64 ms, found 3 plugins.
Preloading 0 native plugins for Editor in 0.00 ms.
Unloading 2080 Unused Serialized files (Serialized files now loaded: 0)
System memory in use before: 99.2 MB.
System memory in use after: 99.3 MB.

Unloading 14 unused Assets to reduce memory usage. Loaded Objects now: 2637.
Total: 2.844300 ms (FindLiveObjects: 0.204400 ms CreateObjectMapping: 0.074400 ms MarkObjects: 2.548800 ms  DeleteObjects: 0.015600 ms)

AssetImportParameters requested are different than current active one (requested -> active):
  custom:framework-win-MediaFoundation: 216162199b28c13a410421893ffa2e32 -> 
  custom:video-decoder-ogg-theora: a1e56fd34408186e4bbccfd4996cb3dc -> 
  custom:container-muxer-webm: aa71ff27fc2769a1b78a27578f13a17b -> 
  custom:container-demuxer-webm: 4f35f7cbe854078d1ac9338744f61a02 -> 
  custom:container-demuxer-ogg: 62fdf1f143b41e24485cea50d1cbac27 -> 
  custom:video-encoder-webm-vp8: eb34c28f22e8b96e1ab97ce403110664 -> 
  custom:video-decoder-webm-vp8: 9c59270c3fd7afecdb556c50c9e8de78 -> 
  custom:audio-decoder-ogg-vorbis: bf7c407c2cedff20999df2af8eb42d56 -> 
  custom:audio-encoder-webm-vorbis: bf7c407c2cedff20999df2af8eb42d56 -> 
